Temp/gradleOut/unityLibrary/build/intermediates/manifest_merge_blame_file/release/manifest-merger-blame-release-report.txt
1<?xml version="1.0" encoding="utf-8"?>
2<!-- GENERATED BY UNITY. REMOVE THIS COMMENT TO PREVENT OVERWRITING WHEN EXPORTING AGAIN -->
3<manifest xmlns:android="http://schemas.android.com/apk/res/android"
4    xmlns:tools="http://schemas.android.com/tools"
5    package="com.unity3d.player"
6    android:installLocation="auto"
7    android:versionCode="1"
8    android:versionName="0.1" >
9
10    <uses-sdk
11        android:minSdkVersion="23"
11-->src/main/AndroidManifest.xml
12        android:targetSdkVersion="29" />
12-->src/main/AndroidManifest.xml
13
14    <uses-feature android:glEsVersion="0x00030000" />
14-->src/main/AndroidManifest.xml:24:3-52
14-->src/main/AndroidManifest.xml:24:17-49
15
16    <uses-permission android:name="android.permission.INTERNET" />
16-->src/main/AndroidManifest.xml:25:3-65
16-->src/main/AndroidManifest.xml:25:20-62
17    <uses-permission android:name="android.permission.RECORD_AUDIO" />
17-->src/main/AndroidManifest.xml:26:3-69
17-->src/main/AndroidManifest.xml:26:20-66
18    <uses-permission android:name="android.permission.MODIFY_AUDIO_SETTINGS" />
18-->src/main/AndroidManifest.xml:27:3-78
18-->src/main/AndroidManifest.xml:27:20-75
19
20    <uses-feature
20-->src/main/AndroidManifest.xml:28:3-87
21        android:name="android.hardware.microphone"
21-->src/main/AndroidManifest.xml:28:17-59
22        android:required="false" />
22-->src/main/AndroidManifest.xml:28:60-84
23    <uses-feature
23-->src/main/AndroidManifest.xml:29:3-88
24        android:name="android.hardware.touchscreen"
24-->src/main/AndroidManifest.xml:29:17-60
25        android:required="false" />
25-->src/main/AndroidManifest.xml:29:61-85
26    <uses-feature
26-->src/main/AndroidManifest.xml:30:3-99
27        android:name="android.hardware.touchscreen.multitouch"
27-->src/main/AndroidManifest.xml:30:17-71
28        android:required="false" />
28-->src/main/AndroidManifest.xml:30:72-96
29    <uses-feature
29-->src/main/AndroidManifest.xml:31:3-108
30        android:name="android.hardware.touchscreen.multitouch.distinct"
30-->src/main/AndroidManifest.xml:31:17-80
31        android:required="false" />
31-->src/main/AndroidManifest.xml:31:81-105
32    <uses-feature
32-->src/main/AndroidManifest.xml:32:3-111
33        android:name="android.hardware.vr.headtracking"
33-->src/main/AndroidManifest.xml:32:17-64
34        android:required="true"
34-->src/main/AndroidManifest.xml:32:65-88
35        android:version="1" />
35-->src/main/AndroidManifest.xml:32:89-108
36    <uses-feature
36-->src/main/AndroidManifest.xml:33:3-88
37        android:name="oculus.software.handtracking"
37-->src/main/AndroidManifest.xml:33:17-60
38        android:required="false" />
38-->src/main/AndroidManifest.xml:33:61-85
39
40    <uses-permission android:name="com.oculus.permission.HAND_TRACKING" />
40-->src/main/AndroidManifest.xml:34:3-73
40-->src/main/AndroidManifest.xml:34:20-70
41
42    <uses-feature
42-->src/main/AndroidManifest.xml:35:3-92
43        android:name="oculus.software.overlay_keyboard"
43-->src/main/AndroidManifest.xml:35:17-64
44        android:required="false" />
44-->src/main/AndroidManifest.xml:35:65-89
45
46    <application
46-->src/main/AndroidManifest.xml:4:3-23:17
47        android:allowBackup="false"
47-->src/main/AndroidManifest.xml:4:81-108
48        android:icon="@mipmap/app_icon"
48-->src/main/AndroidManifest.xml:4:49-80
49        android:label="@string/app_name"
49-->src/main/AndroidManifest.xml:4:16-48
50        android:networkSecurityConfig="@xml/network_sec_config" >
50-->src/main/AndroidManifest.xml:4:109-164
51        <activity
51-->src/main/AndroidManifest.xml:5:5-14:16
52            android:name="com.unity3d.player.UnityPlayerActivity"
52-->src/main/AndroidManifest.xml:5:15-68
53            android:configChanges="keyboard|keyboardHidden|navigation|orientation|screenLayout|screenSize|uiMode"
53-->src/main/AndroidManifest.xml:5:204-305
54            android:hardwareAccelerated="false"
54-->src/main/AndroidManifest.xml:5:306-341
55            android:launchMode="singleTask"
55-->src/main/AndroidManifest.xml:5:172-203
56            android:screenOrientation="landscape"
56-->src/main/AndroidManifest.xml:5:134-171
57            android:theme="@android:style/Theme.Black.NoTitleBar.Fullscreen" >
57-->src/main/AndroidManifest.xml:5:69-133
58            <intent-filter>
58-->src/main/AndroidManifest.xml:6:7-10:23
59                <action android:name="android.intent.action.MAIN" />
59-->src/main/AndroidManifest.xml:7:9-61
59-->src/main/AndroidManifest.xml:7:17-58
60
61                <category android:name="android.intent.category.LAUNCHER" />
61-->src/main/AndroidManifest.xml:8:9-69
61-->src/main/AndroidManifest.xml:8:19-66
62                <category android:name="com.oculus.intent.category.VR" />
62-->src/main/AndroidManifest.xml:9:9-66
62-->src/main/AndroidManifest.xml:9:19-63
63            </intent-filter>
64
65            <meta-data
65-->src/main/AndroidManifest.xml:11:7-82
66                android:name="unityplayer.UnityActivity"
66-->src/main/AndroidManifest.xml:11:18-58
67                android:value="true" />
67-->src/main/AndroidManifest.xml:11:59-79
68            <meta-data
68-->src/main/AndroidManifest.xml:12:7-78
69                android:name="android.notch_support"
69-->src/main/AndroidManifest.xml:12:18-54
70                android:value="true" />
70-->src/main/AndroidManifest.xml:12:55-75
71            <meta-data
71-->src/main/AndroidManifest.xml:13:7-81
72                android:name="com.oculus.vr.focusaware"
72-->src/main/AndroidManifest.xml:13:18-57
73                android:value="true" />
73-->src/main/AndroidManifest.xml:13:58-78
74        </activity>
75
76        <meta-data
76-->src/main/AndroidManifest.xml:15:5-69
77            android:name="unity.splash-mode"
77-->src/main/AndroidManifest.xml:15:16-48
78            android:value="0" />
78-->src/main/AndroidManifest.xml:15:49-66
79        <meta-data
79-->src/main/AndroidManifest.xml:16:5-74
80            android:name="unity.splash-enable"
80-->src/main/AndroidManifest.xml:16:16-50
81            android:value="True" />
81-->src/main/AndroidManifest.xml:16:51-71
82        <meta-data
82-->src/main/AndroidManifest.xml:17:5-81
83            android:name="notch.config"
83-->src/main/AndroidManifest.xml:17:16-43
84            android:value="portrait|landscape" />
84-->src/main/AndroidManifest.xml:17:44-78
85        <meta-data
85-->src/main/AndroidManifest.xml:18:5-101
86            android:name="unity.build-id"
86-->src/main/AndroidManifest.xml:18:16-45
87            android:value="b5493331-2bb0-4c5c-a5b0-6f4472ef8586" />
87-->src/main/AndroidManifest.xml:18:46-98
88        <meta-data
88-->src/main/AndroidManifest.xml:19:5-97
89            android:name="com.samsung.android.vr.application.mode"
89-->src/main/AndroidManifest.xml:19:16-70
90            android:value="vr_only" />
90-->src/main/AndroidManifest.xml:19:71-94
91        <meta-data
91-->src/main/AndroidManifest.xml:20:5-91
92            android:name="com.unity.xr.oculus.LowOverheadMode"
92-->src/main/AndroidManifest.xml:20:16-66
93            android:value="false" />
93-->src/main/AndroidManifest.xml:20:67-88
94        <meta-data
94-->src/main/AndroidManifest.xml:21:5-90
95            android:name="com.oculus.supportedDevices"
95-->src/main/AndroidManifest.xml:21:16-58
96            android:value="quest|quest2" />
96-->src/main/AndroidManifest.xml:21:59-87
97        <meta-data
97-->src/main/AndroidManifest.xml:22:5-88
98            android:name="com.oculus.handtracking.frequency"
98-->src/main/AndroidManifest.xml:22:16-64
99            android:value="HIGH" />
99-->src/main/AndroidManifest.xml:22:65-85
100    </application>
101
102</manifest>